0 info it worked if it ends with ok
1 verbose cli [ '/usr/bin/node', '/usr/bin/npm', 'install', '-g', 'bower' ]
2 info using npm@1.4.28
3 info using node@v0.10.40
4 verbose node symlink /usr/bin/node
5 verbose cache add [ 'bower', null ]
6 verbose cache add name=undefined spec="bower" args=["bower",null]
7 verbose parsed url { protocol: null,
7 verbose parsed url   slashes: null,
7 verbose parsed url   auth: null,
7 verbose parsed url   host: null,
7 verbose parsed url   port: null,
7 verbose parsed url   hostname: null,
7 verbose parsed url   hash: null,
7 verbose parsed url   search: null,
7 verbose parsed url   query: null,
7 verbose parsed url   pathname: 'bower',
7 verbose parsed url   path: 'bower',
7 verbose parsed url   href: 'bower' }
8 silly lockFile 206e3ce5-bower bower
9 verbose lock bower /root/.npm/206e3ce5-bower.lock
10 silly lockFile 206e3ce5-bower bower
11 silly lockFile 206e3ce5-bower bower
12 verbose addNamed [ 'bower', '' ]
13 verbose addNamed [ null, '*' ]
14 silly lockFile 1240aab1-bower bower@
15 verbose lock bower@ /root/.npm/1240aab1-bower.lock
16 silly addNameRange { name: 'bower', range: '*', hasData: false }
17 verbose request where is /bower
18 verbose request registry https://registry.npmjs.org/
19 verbose request id 9b9bb59ecbfeaf14
20 verbose url raw /bower
21 verbose url resolving [ 'https://registry.npmjs.org/', './bower' ]
22 verbose url resolved https://registry.npmjs.org/bower
23 verbose request where is https://registry.npmjs.org/bower
24 info trying registry request attempt 1 at 15:31:39
25 verbose etag "5ZISPLQVWEMUV9ECMHX3B5KAM"
26 http GET https://registry.npmjs.org/bower
27 http 304 https://registry.npmjs.org/bower
28 silly registry.get cb [ 304,
28 silly registry.get   { date: 'Thu, 22 Oct 2015 19:32:10 GMT',
28 silly registry.get     via: '1.1 varnish',
28 silly registry.get     'cache-control': 'max-age=60',
28 silly registry.get     etag: '"5ZISPLQVWEMUV9ECMHX3B5KAM"',
28 silly registry.get     age: '57',
28 silly registry.get     connection: 'keep-alive',
28 silly registry.get     'x-served-by': 'cache-atl6230-ATL',
28 silly registry.get     'x-cache': 'HIT',
28 silly registry.get     'x-cache-hits': '4',
28 silly registry.get     'x-timer': 'S1445542330.066015,VS0,VE0',
28 silly registry.get     vary: 'Accept' } ]
29 verbose etag https://registry.npmjs.org/bower from cache
30 silly addNameRange number 2 { name: 'bower', range: '*', hasData: true }
31 silly addNameRange versions [ 'bower',
31 silly addNameRange   [ '0.1.0',
31 silly addNameRange     '0.1.2',
31 silly addNameRange     '0.1.3',
31 silly addNameRange     '0.2.0',
31 silly addNameRange     '0.3.0',
31 silly addNameRange     '0.3.1',
31 silly addNameRange     '0.3.2',
31 silly addNameRange     '0.4.0',
31 silly addNameRange     '0.5.0',
31 silly addNameRange     '0.5.1',
31 silly addNameRange     '0.6.0',
31 silly addNameRange     '0.6.1',
31 silly addNameRange     '0.6.2',
31 silly addNameRange     '0.6.3',
31 silly addNameRange     '0.6.4',
31 silly addNameRange     '0.6.5',
31 silly addNameRange     '0.6.6',
31 silly addNameRange     '0.6.7',
31 silly addNameRange     '0.6.8',
31 silly addNameRange     '0.7.0',
31 silly addNameRange     '0.7.1',
31 silly addNameRange     '0.8.0',
31 silly addNameRange     '0.8.1',
31 silly addNameRange     '0.8.2',
31 silly addNameRange     '0.8.3',
31 silly addNameRange     '0.8.4',
31 silly addNameRange     '0.8.5',
31 silly addNameRange     '0.8.6',
31 silly addNameRange     '0.9.0',
31 silly addNameRange     '0.9.1',
31 silly addNameRange     '0.9.2',
31 silly addNameRange     '0.10.0',
31 silly addNameRange     '1.0.0',
31 silly addNameRange     '1.0.1',
31 silly addNameRange     '1.0.2',
31 silly addNameRange     '1.0.3',
31 silly addNameRange     '1.1.0',
31 silly addNameRange     '1.1.1',
31 silly addNameRange     '1.1.2',
31 silly addNameRange     '1.2.0',
31 silly addNameRange     '1.2.1',
31 silly addNameRange     '1.2.2',
31 silly addNameRange     '1.2.3',
31 silly addNameRange     '1.2.4',
31 silly addNameRange     '1.2.5',
31 silly addNameRange     '1.2.6',
31 silly addNameRange     '1.2.7',
31 silly addNameRange     '1.2.8',
31 silly addNameRange     '1.3.0',
31 silly addNameRange     '1.3.1',
31 silly addNameRange     '1.3.2',
31 silly addNameRange     '1.3.3',
31 silly addNameRange     '1.3.4',
31 silly addNameRange     '1.3.5',
31 silly addNameRange     '1.3.6',
31 silly addNameRange     '1.3.7',
31 silly addNameRange     '1.3.8',
31 silly addNameRange     '1.3.9',
31 silly addNameRange     '1.3.10',
31 silly addNameRange     '1.3.11',
31 silly addNameRange     '1.3.12',
31 silly addNameRange     '1.4.0',
31 silly addNameRange     '1.4.1',
31 silly addNameRange     '1.5.0',
31 silly addNameRange     '1.5.1',
31 silly addNameRange     '1.5.2',
31 silly addNameRange     '1.5.3',
31 silly addNameRange     '1.6.2',
31 silly addNameRange     '1.6.3' ] ]
32 verbose addNamed [ 'bower', '1.6.3' ]
33 verbose addNamed [ '1.6.3', '1.6.3' ]
34 silly lockFile cb21808c-bower-1-6-3 bower@1.6.3
35 verbose lock bower@1.6.3 /root/.npm/cb21808c-bower-1-6-3.lock
36 silly lockFile cb21808c-bower-1-6-3 bower@1.6.3
37 silly lockFile cb21808c-bower-1-6-3 bower@1.6.3
38 silly lockFile 1240aab1-bower bower@
39 silly lockFile 1240aab1-bower bower@
40 error Failed to parse json
40 error Unexpected end of input
41 error File: /root/.npm/bower/1.6.3/package/package.json
42 error Failed to parse package.json data.
42 error package.json must be actual JSON, not just JavaScript.
42 error
42 error This is not a bug in npm.
42 error Tell the package author to fix their package.json file. JSON.parse
43 error System Linux 3.16.0-4-amd64
44 error command "/usr/bin/node" "/usr/bin/npm" "install" "-g" "bower"
45 error cwd /var/www/z_angular
46 error node -v v0.10.40
47 error npm -v 1.4.28
48 error file /root/.npm/bower/1.6.3/package/package.json
49 error code EJSONPARSE
50 verbose exit [ 1, true ]
